# JRE version: OpenJDK Runtime Environment (11.0.11+9) (build 11.0.11+9-b60-7590822)
# Java VM: OpenJDK 64-Bit Server VM (11.0.11+9-b60-7590822, mixed mode, tiered, compressed oops, g1 gc, windows-amd64)
Heap:
 garbage-first heap   total 310272K, used 76230K [0x0000000080000000, 0x0000000100000000)
  region size 1024K, 29 young (29696K), 10 survivors (10240K)
 Metaspace       used 67368K, capacity 69048K, committed 69112K, reserved 1110016K
  class space    used 8573K, capacity 9180K, committed 9208K, reserved 1048576K
GC Heap History (16 events):
Event: 0.554 GC heap before
{Heap before GC invocations=0 (full 0):
 garbage-first heap   total 258048K, used 30720K [0x0000000080000000, 0x0000000100000000)
  region size 1024K, 24 young (24576K), 0 survivors (0K)
 Metaspace       used 10104K, capacity 10339K, committed 10624K, reserved 1058816K
  class space    used 1053K, capacity 1106K, committed 1152K, reserved 1048576K
}
Event: 0.557 GC heap after
{Heap after GC invocations=1 (full 0):
 garbage-first heap   total 258048K, used 9300K [0x0000000080000000, 0x0000000100000000)
  region size 1024K, 3 young (3072K), 3 survivors (3072K)
 Metaspace       used 10104K, capacity 10339K, committed 10624K, reserved 1058816K
  class space    used 1053K, capacity 1106K, committed 1152K, reserved 1048576K
}
Event: 3.142 GC heap before
{Heap before GC invocations=1 (full 0):
 garbage-first heap   total 258048K, used 112724K [0x0000000080000000, 0x0000000100000000)
  region size 1024K, 105 young (107520K), 3 survivors (3072K)
 Metaspace       used 20652K, capacity 21085K, committed 21248K, reserved 1067008K
  class space    used 2542K, capacity 2712K, committed 2816K, reserved 1048576K
}
Event: 3.168 GC heap after
{Heap after GC invocations=2 (full 0):
 garbage-first heap   total 258048K, used 17537K [0x0000000080000000, 0x0000000100000000)
  region size 1024K, 12 young (12288K), 12 survivors (12288K)
 Metaspace       used 20652K, capacity 21085K, committed 21248K, reserved 1067008K
  class space    used 2542K, capacity 2712K, committed 2816K, reserved 1048576K
}
Event: 3.421 GC heap before
{Heap before GC invocations=3 (full 0):
 garbage-first heap   total 258048K, used 50305K [0x0000000080000000, 0x0000000100000000)
  region size 1024K, 44 young (45056K), 12 survivors (12288K)
 Metaspace       used 24052K, capacity 24647K, committed 24832K, reserved 1071104K
  class space    used 3079K, capacity 3287K, committed 3328K, reserved 1048576K
}
Event: 3.431 GC heap after
{Heap after GC invocations=4 (full 0):
 garbage-first heap   total 258048K, used 18320K [0x0000000080000000, 0x0000000100000000)
  region size 1024K, 2 young (2048K), 2 survivors (2048K)
 Metaspace       used 24052K, capacity 24647K, committed 24832K, reserved 1071104K
  class space    used 3079K, capacity 3287K, committed 3328K, reserved 1048576K
}
Event: 4.584 GC heap before
{Heap before GC invocations=4 (full 0):
 garbage-first heap   total 258048K, used 101264K [0x0000000080000000, 0x0000000100000000)
  region size 1024K, 84 young (86016K), 2 survivors (2048K)
 Metaspace       used 34878K, capacity 35613K, committed 35840K, reserved 1081344K
  class space    used 4530K, capacity 4844K, committed 4864K, reserved 1048576K
}
Event: 4.603 GC heap after
{Heap after GC invocations=5 (full 0):
 garbage-first heap   total 258048K, used 21953K [0x0000000080000000, 0x0000000100000000)
  region size 1024K, 6 young (6144K), 6 survivors (6144K)
 Metaspace       used 34878K, capacity 35613K, committed 35840K, reserved 1081344K
  class space    used 4530K, capacity 4844K, committed 4864K, reserved 1048576K
}
Event: 5.738 GC heap before
{Heap before GC invocations=6 (full 0):
 garbage-first heap   total 258048K, used 149953K [0x0000000080000000, 0x0000000100000000)
  region size 1024K, 128 young (131072K), 6 survivors (6144K)
 Metaspace       used 45219K, capacity 46424K, committed 46464K, reserved 1089536K
  class space    used 5807K, capacity 6240K, committed 6272K, reserved 1048576K
}
Event: 5.761 GC heap after
{Heap after GC invocations=7 (full 0):
 garbage-first heap   total 258048K, used 29920K [0x0000000080000000, 0x0000000100000000)
  region size 1024K, 13 young (13312K), 13 survivors (13312K)
 Metaspace       used 45219K, capacity 46424K, committed 46464K, reserved 1089536K
  class space    used 5807K, capacity 6240K, committed 6272K, reserved 1048576K
}
Event: 6.937 GC heap before
{Heap before GC invocations=7 (full 0):
 garbage-first heap   total 258048K, used 175328K [0x0000000080000000, 0x0000000100000000)
  region size 1024K, 151 young (154624K), 13 survivors (13312K)
 Metaspace       used 54541K, capacity 55978K, committed 56192K, reserved 1097728K
  class space    used 7008K, capacity 7511K, committed 7552K, reserved 1048576K
}
Event: 6.979 GC heap after
{Heap after GC invocations=8 (full 0):
 garbage-first heap   total 258048K, used 48080K [0x0000000080000000, 0x0000000100000000)
  region size 1024K, 19 young (19456K), 19 survivors (19456K)
 Metaspace       used 54541K, capacity 55978K, committed 56192K, reserved 1097728K
  class space    used 7008K, capacity 7511K, committed 7552K, reserved 1048576K
}
Event: 7.198 GC heap before
{Heap before GC invocations=8 (full 0):
 garbage-first heap   total 258048K, used 70608K [0x0000000080000000, 0x0000000100000000)
  region size 1024K, 42 young (43008K), 19 survivors (19456K)
 Metaspace       used 58315K, capacity 59851K, committed 59904K, reserved 1101824K
  class space    used 7392K, capacity 7925K, committed 7936K, reserved 1048576K
}
Event: 7.250 GC heap after
{Heap after GC invocations=9 (full 0):
 garbage-first heap   total 310272K, used 51325K [0x0000000080000000, 0x0000000100000000)
  region size 1024K, 3 young (3072K), 3 survivors (3072K)
 Metaspace       used 58315K, capacity 59851K, committed 59904K, reserved 1101824K
  class space    used 7392K, capacity 7925K, committed 7936K, reserved 1048576K
}
Event: 8.340 GC heap before
{Heap before GC invocations=10 (full 0):
 garbage-first heap   total 310272K, used 163965K [0x0000000080000000, 0x0000000100000000)
  region size 1024K, 113 young (115712K), 3 survivors (3072K)
 Metaspace       used 66581K, capacity 68322K, committed 68600K, reserved 1107968K
  class space    used 8489K, capacity 9111K, committed 9208K, reserved 1048576K
}
Event: 8.347 GC heap after
{Heap after GC invocations=11 (full 0):
 garbage-first heap   total 310272K, used 57798K [0x0000000080000000, 0x0000000100000000)
  region size 1024K, 10 young (10240K), 10 survivors (10240K)
 Metaspace       used 66581K, capacity 68322K, committed 68600K, reserved 1107968K
  class space    used 8489K, capacity 9111K, committed 9208K, reserved 1048576K
}

