# JRE version: OpenJDK Runtime Environment (11.0.11+9) (build 11.0.11+9-b60-7590822)
# Java VM: OpenJDK 64-Bit Server VM (11.0.11+9-b60-7590822, mixed mode, tiered, compressed oops, g1 gc, windows-amd64)
Heap:
 garbage-first heap   total 258048K, used 57284K [0x0000000080000000, 0x0000000100000000)
  region size 1024K, 10 young (10240K), 3 survivors (3072K)
 Metaspace       used 57646K, capacity 59243K, committed 59392K, reserved 1110016K
  class space    used 7355K, capacity 7933K, committed 7936K, reserved 1048576K
GC Heap History (14 events):
Event: 0.517 GC heap before
{Heap before GC invocations=0 (full 0):
 garbage-first heap   total 258048K, used 30720K [0x0000000080000000, 0x0000000100000000)
  region size 1024K, 24 young (24576K), 0 survivors (0K)
 Metaspace       used 10111K, capacity 10339K, committed 10624K, reserved 1058816K
  class space    used 1053K, capacity 1106K, committed 1152K, reserved 1048576K
}
Event: 0.520 GC heap after
{Heap after GC invocations=1 (full 0):
 garbage-first heap   total 258048K, used 9404K [0x0000000080000000, 0x0000000100000000)
  region size 1024K, 3 young (3072K), 3 survivors (3072K)
 Metaspace       used 10111K, capacity 10339K, committed 10624K, reserved 1058816K
  class space    used 1053K, capacity 1106K, committed 1152K, reserved 1048576K
}
Event: 2.659 GC heap before
{Heap before GC invocations=1 (full 0):
 garbage-first heap   total 258048K, used 112828K [0x0000000080000000, 0x0000000100000000)
  region size 1024K, 105 young (107520K), 3 survivors (3072K)
 Metaspace       used 20667K, capacity 21085K, committed 21248K, reserved 1067008K
  class space    used 2545K, capacity 2712K, committed 2816K, reserved 1048576K
}
Event: 2.692 GC heap after
{Heap after GC invocations=2 (full 0):
 garbage-first heap   total 258048K, used 17051K [0x0000000080000000, 0x0000000100000000)
  region size 1024K, 11 young (11264K), 11 survivors (11264K)
 Metaspace       used 20667K, capacity 21085K, committed 21248K, reserved 1067008K
  class space    used 2545K, capacity 2712K, committed 2816K, reserved 1048576K
}
Event: 2.883 GC heap before
{Heap before GC invocations=3 (full 0):
 garbage-first heap   total 258048K, used 46747K [0x0000000080000000, 0x0000000100000000)
  region size 1024K, 40 young (40960K), 11 survivors (11264K)
 Metaspace       used 23859K, capacity 24418K, committed 24576K, reserved 1071104K
  class space    used 3045K, capacity 3253K, committed 3328K, reserved 1048576K
}
Event: 2.901 GC heap after
{Heap after GC invocations=4 (full 0):
 garbage-first heap   total 258048K, used 18233K [0x0000000080000000, 0x0000000100000000)
  region size 1024K, 2 young (2048K), 2 survivors (2048K)
 Metaspace       used 23859K, capacity 24418K, committed 24576K, reserved 1071104K
  class space    used 3045K, capacity 3253K, committed 3328K, reserved 1048576K
}
Event: 3.624 GC heap before
{Heap before GC invocations=4 (full 0):
 garbage-first heap   total 258048K, used 101177K [0x0000000080000000, 0x0000000100000000)
  region size 1024K, 84 young (86016K), 2 survivors (2048K)
 Metaspace       used 34862K, capacity 35613K, committed 35840K, reserved 1081344K
  class space    used 4534K, capacity 4844K, committed 4864K, reserved 1048576K
}
Event: 3.633 GC heap after
{Heap after GC invocations=5 (full 0):
 garbage-first heap   total 258048K, used 21939K [0x0000000080000000, 0x0000000100000000)
  region size 1024K, 6 young (6144K), 6 survivors (6144K)
 Metaspace       used 34862K, capacity 35613K, committed 35840K, reserved 1081344K
  class space    used 4534K, capacity 4844K, committed 4864K, reserved 1048576K
}
Event: 4.542 GC heap before
{Heap before GC invocations=6 (full 0):
 garbage-first heap   total 258048K, used 139699K [0x0000000080000000, 0x0000000100000000)
  region size 1024K, 118 young (120832K), 6 survivors (6144K)
 Metaspace       used 44578K, capacity 45666K, committed 45824K, reserved 1089536K
  class space    used 5707K, capacity 6116K, committed 6144K, reserved 1048576K
}
Event: 4.550 GC heap after
{Heap after GC invocations=7 (full 0):
 garbage-first heap   total 258048K, used 29695K [0x0000000080000000, 0x0000000100000000)
  region size 1024K, 13 young (13312K), 13 survivors (13312K)
 Metaspace       used 44578K, capacity 45666K, committed 45824K, reserved 1089536K
  class space    used 5707K, capacity 6116K, committed 6144K, reserved 1048576K
}
Event: 5.651 GC heap before
{Heap before GC invocations=7 (full 0):
 garbage-first heap   total 258048K, used 175103K [0x0000000080000000, 0x0000000100000000)
  region size 1024K, 151 young (154624K), 13 survivors (13312K)
 Metaspace       used 53183K, capacity 54673K, committed 54784K, reserved 1097728K
  class space    used 6828K, capacity 7373K, committed 7424K, reserved 1048576K
}
Event: 5.769 GC heap after
{Heap after GC invocations=8 (full 0):
 garbage-first heap   total 258048K, used 47679K [0x0000000080000000, 0x0000000100000000)
  region size 1024K, 19 young (19456K), 19 survivors (19456K)
 Metaspace       used 53183K, capacity 54673K, committed 54784K, reserved 1097728K
  class space    used 6828K, capacity 7373K, committed 7424K, reserved 1048576K
}
Event: 5.975 GC heap before
{Heap before GC invocations=8 (full 0):
 garbage-first heap   total 258048K, used 71231K [0x0000000080000000, 0x0000000100000000)
  region size 1024K, 43 young (44032K), 19 survivors (19456K)
 Metaspace       used 56997K, capacity 58503K, committed 58624K, reserved 1110016K
  class space    used 7275K, capacity 7816K, committed 7936K, reserved 1048576K
}
Event: 6.009 GC heap after
{Heap after GC invocations=9 (full 0):
 garbage-first heap   total 258048K, used 51140K [0x0000000080000000, 0x0000000100000000)
  region size 1024K, 3 young (3072K), 3 survivors (3072K)
 Metaspace       used 56997K, capacity 58503K, committed 58624K, reserved 1110016K
  class space    used 7275K, capacity 7816K, committed 7936K, reserved 1048576K
}

